2021-06-25 19:06:76 INFO  BasePage :30 - Launching Chrome Browser 
2021-06-25 19:06:380 INFO  HomePage :33 - Click On Bank Manager login link : [[ChromeDriver: chrome on WINDOWS (2a82809473dfc126982e5f0e7f67e240)] -> xpath: //button[contains(text(),'Bank Manager Login')]]
2021-06-25 19:06:271 INFO  BankManagerLoginPage :25 - Click on Add to customer link  : [[ChromeDriver: chrome on WINDOWS (2a82809473dfc126982e5f0e7f67e240)] -> xpath: //button[normalize-space()='Add Customer']]
2021-06-25 19:06:56 INFO  AddCustomerPage :31 - Enter first name  : [[ChromeDriver: chrome on WINDOWS (2a82809473dfc126982e5f0e7f67e240)] -> xpath: //input[@placeholder='First Name']] to first name  field : [[ChromeDriver: chrome on WINDOWS (2a82809473dfc126982e5f0e7f67e240)] -> xpath: //input[@placeholder='First Name']]
2021-06-25 19:06:381 INFO  AddCustomerPage :38 - Enter  last name  : [[ChromeDriver: chrome on WINDOWS (2a82809473dfc126982e5f0e7f67e240)] -> xpath: //input[@placeholder='Last Name']] to Last Name field : [[ChromeDriver: chrome on WINDOWS (2a82809473dfc126982e5f0e7f67e240)] -> xpath: //input[@placeholder='Last Name']]
2021-06-25 19:06:634 INFO  AddCustomerPage :45 - Enter  postcode  : [[ChromeDriver: chrome on WINDOWS (2a82809473dfc126982e5f0e7f67e240)] -> xpath: //input[@placeholder='Post Code']]
2021-06-25 19:06:705 INFO  AddCustomerPage :50 - Click on Add to Button  : [[ChromeDriver: chrome on WINDOWS (2a82809473dfc126982e5f0e7f67e240)] -> xpath: //button[@type='submit']]
2021-06-25 19:06:993 INFO  BankManagerLoginPage :32 - Click on open account tab  : [[ChromeDriver: chrome on WINDOWS (2a82809473dfc126982e5f0e7f67e240)] -> xpath: //button[normalize-space()='Open Account']]
2021-06-25 19:06:538 INFO  OpenAccountPage :26 - Click on Add to Button  : [[ChromeDriver: chrome on WINDOWS (2a82809473dfc126982e5f0e7f67e240)] -> id: userSelect]
2021-06-25 19:06:756 INFO  OpenAccountPage :34 - select currency from drop down : [[ChromeDriver: chrome on WINDOWS (2a82809473dfc126982e5f0e7f67e240)] -> id: currency]
2021-06-25 19:06:66 INFO  OpenAccountPage :41 - Click on process Button  : [[ChromeDriver: chrome on WINDOWS (2a82809473dfc126982e5f0e7f67e240)] -> xpath: //button[contains(text(),'Process')]]
2021-06-25 19:06:879 INFO  HomePage :39 - Click on home page : [[ChromeDriver: chrome on WINDOWS (2a82809473dfc126982e5f0e7f67e240)] -> xpath: //button[@class='btn home']]
2021-06-25 19:06:30 INFO  HomePage :27 - Click on Customer Login Link : [[ChromeDriver: chrome on WINDOWS (2a82809473dfc126982e5f0e7f67e240)] -> xpath: //button[contains(text(),'Customer Login')]]
2021-06-25 19:06:573 INFO  OpenAccountPage :26 - Click on Add to Button  : [[ChromeDriver: chrome on WINDOWS (2a82809473dfc126982e5f0e7f67e240)] -> id: userSelect]
2021-06-25 19:06:294 INFO  CustomerLoginPage :30 - Click on login link  : [[ChromeDriver: chrome on WINDOWS (2a82809473dfc126982e5f0e7f67e240)] -> xpath: //button[contains(text(),'Login')]]
2021-06-25 19:06:701 INFO  AddCustomerPage :46 - Clicking On Deposit Button :[[ChromeDriver: chrome on WINDOWS (2a82809473dfc126982e5f0e7f67e240)] -> xpath: //button[2][contains(text(),'Deposit')]]
2021-06-25 19:06:189 INFO  AddCustomerPage :53 - Enter a Amount :[[ChromeDriver: chrome on WINDOWS (2a82809473dfc126982e5f0e7f67e240)] -> xpath: //div[@class='form-group']/input]
2021-06-25 19:06:359 INFO  AddCustomerPage :59 - Clicking On Deposit Tab :[[ChromeDriver: chrome on WINDOWS (2a82809473dfc126982e5f0e7f67e240)] -> xpath: //form[@name='myForm']/button]
2021-06-25 19:06:417 INFO  AddCustomerPage :64 - get message to verify :[[ChromeDriver: chrome on WINDOWS (2a82809473dfc126982e5f0e7f67e240)] -> xpath: //span[@class='error ng-binding']]
2021-06-25 19:06:578 INFO  HomePage :39 - Click on home page : [[ChromeDriver: chrome on WINDOWS (2a82809473dfc126982e5f0e7f67e240)] -> xpath: //button[@class='btn home']]
2021-06-25 21:06:273 INFO  BasePage :30 - Launching Chrome Browser 
2021-06-25 21:06:452 INFO  HomePage :33 - Click On Bank Manager login link : [[ChromeDriver: chrome on WINDOWS (8b21c271c2f1b59f5b0ab448bd4d7722)] -> xpath: //button[contains(text(),'Bank Manager Login')]]
2021-06-25 21:06:832 INFO  BankManagerLoginPage :25 - Click on Add to customer link  : [[ChromeDriver: chrome on WINDOWS (8b21c271c2f1b59f5b0ab448bd4d7722)] -> xpath: //button[normalize-space()='Add Customer']]
2021-06-25 21:06:92 INFO  AddCustomerPage :31 - Enter first name  : [[ChromeDriver: chrome on WINDOWS (8b21c271c2f1b59f5b0ab448bd4d7722)] -> xpath: //input[@placeholder='First Name']] to first name  field : [[ChromeDriver: chrome on WINDOWS (8b21c271c2f1b59f5b0ab448bd4d7722)] -> xpath: //input[@placeholder='First Name']]
2021-06-25 21:06:318 INFO  AddCustomerPage :38 - Enter  last name  : [[ChromeDriver: chrome on WINDOWS (8b21c271c2f1b59f5b0ab448bd4d7722)] -> xpath: //input[@placeholder='Last Name']] to Last Name field : [[ChromeDriver: chrome on WINDOWS (8b21c271c2f1b59f5b0ab448bd4d7722)] -> xpath: //input[@placeholder='Last Name']]
2021-06-25 21:06:536 INFO  AddCustomerPage :45 - Enter  postcode  : [[ChromeDriver: chrome on WINDOWS (8b21c271c2f1b59f5b0ab448bd4d7722)] -> xpath: //input[@placeholder='Post Code']]
2021-06-25 21:06:596 INFO  AddCustomerPage :50 - Click on Add to Button  : [[ChromeDriver: chrome on WINDOWS (8b21c271c2f1b59f5b0ab448bd4d7722)] -> xpath: //button[@type='submit']]
2021-06-25 21:06:396 INFO  HomePage :39 - Click on home page : [[ChromeDriver: chrome on WINDOWS (8b21c271c2f1b59f5b0ab448bd4d7722)] -> xpath: //button[@class='btn home']]
2021-06-25 21:06:78 INFO  BasePage :30 - Launching Chrome Browser 
2021-06-25 21:06:855 INFO  HomePage :33 - Click On Bank Manager login link : [[ChromeDriver: chrome on WINDOWS (195b6f435f0bc1ca61f75283827b6823)] -> xpath: //button[contains(text(),'Bank Manager Login')]]
2021-06-25 21:06:812 INFO  BankManagerLoginPage :25 - Click on Add to customer link  : [[ChromeDriver: chrome on WINDOWS (195b6f435f0bc1ca61f75283827b6823)] -> xpath: //button[normalize-space()='Add Customer']]
2021-06-25 21:06:312 INFO  AddCustomerPage :31 - Enter first name  : [[ChromeDriver: chrome on WINDOWS (195b6f435f0bc1ca61f75283827b6823)] -> xpath: //input[@placeholder='First Name']] to first name  field : [[ChromeDriver: chrome on WINDOWS (195b6f435f0bc1ca61f75283827b6823)] -> xpath: //input[@placeholder='First Name']]
2021-06-25 21:06:564 INFO  AddCustomerPage :38 - Enter  last name  : [[ChromeDriver: chrome on WINDOWS (195b6f435f0bc1ca61f75283827b6823)] -> xpath: //input[@placeholder='Last Name']] to Last Name field : [[ChromeDriver: chrome on WINDOWS (195b6f435f0bc1ca61f75283827b6823)] -> xpath: //input[@placeholder='Last Name']]
2021-06-25 21:06:758 INFO  AddCustomerPage :45 - Enter  postcode  : [[ChromeDriver: chrome on WINDOWS (195b6f435f0bc1ca61f75283827b6823)] -> xpath: //input[@placeholder='Post Code']]
2021-06-25 21:06:801 INFO  AddCustomerPage :50 - Click on Add to Button  : [[ChromeDriver: chrome on WINDOWS (195b6f435f0bc1ca61f75283827b6823)] -> xpath: //button[@type='submit']]
2021-06-25 21:06:577 INFO  BankManagerLoginPage :32 - Click on open account tab  : [[ChromeDriver: chrome on WINDOWS (195b6f435f0bc1ca61f75283827b6823)] -> xpath: //button[normalize-space()='Open Account']]
2021-06-25 21:06:145 INFO  OpenAccountPage :26 - Click on Add to Button  : [[ChromeDriver: chrome on WINDOWS (195b6f435f0bc1ca61f75283827b6823)] -> id: userSelect]
2021-06-25 21:06:924 INFO  OpenAccountPage :34 - select currency from drop down : [[ChromeDriver: chrome on WINDOWS (195b6f435f0bc1ca61f75283827b6823)] -> id: currency]
2021-06-25 21:06:210 INFO  OpenAccountPage :41 - Click on process Button  : [[ChromeDriver: chrome on WINDOWS (195b6f435f0bc1ca61f75283827b6823)] -> xpath: //button[contains(text(),'Process')]]
2021-06-25 21:06:415 INFO  BasePage :30 - Launching Chrome Browser 
2021-06-25 21:06:636 INFO  HomePage :33 - Click On Bank Manager login link : [[ChromeDriver: chrome on WINDOWS (e716ebde5779f3304c067561acf6c448)] -> xpath: //button[contains(text(),'Bank Manager Login')]]
2021-06-25 21:06:496 INFO  BankManagerLoginPage :25 - Click on Add to customer link  : [[ChromeDriver: chrome on WINDOWS (e716ebde5779f3304c067561acf6c448)] -> xpath: //button[normalize-space()='Add Customer']]
2021-06-25 21:06:977 INFO  AddCustomerPage :31 - Enter first name  : [[ChromeDriver: chrome on WINDOWS (e716ebde5779f3304c067561acf6c448)] -> xpath: //input[@placeholder='First Name']] to first name  field : [[ChromeDriver: chrome on WINDOWS (e716ebde5779f3304c067561acf6c448)] -> xpath: //input[@placeholder='First Name']]
2021-06-25 21:06:210 INFO  AddCustomerPage :38 - Enter  last name  : [[ChromeDriver: chrome on WINDOWS (e716ebde5779f3304c067561acf6c448)] -> xpath: //input[@placeholder='Last Name']] to Last Name field : [[ChromeDriver: chrome on WINDOWS (e716ebde5779f3304c067561acf6c448)] -> xpath: //input[@placeholder='Last Name']]
2021-06-25 21:06:421 INFO  AddCustomerPage :45 - Enter  postcode  : [[ChromeDriver: chrome on WINDOWS (e716ebde5779f3304c067561acf6c448)] -> xpath: //input[@placeholder='Post Code']]
2021-06-25 21:06:467 INFO  AddCustomerPage :50 - Click on Add to Button  : [[ChromeDriver: chrome on WINDOWS (e716ebde5779f3304c067561acf6c448)] -> xpath: //button[@type='submit']]
2021-06-25 21:06:280 INFO  BankManagerLoginPage :32 - Click on open account tab  : [[ChromeDriver: chrome on WINDOWS (e716ebde5779f3304c067561acf6c448)] -> xpath: //button[normalize-space()='Open Account']]
2021-06-25 21:06:826 INFO  OpenAccountPage :26 - Click on Add to Button  : [[ChromeDriver: chrome on WINDOWS (e716ebde5779f3304c067561acf6c448)] -> id: userSelect]
2021-06-25 21:06:393 INFO  OpenAccountPage :34 - select currency from drop down : [[ChromeDriver: chrome on WINDOWS (e716ebde5779f3304c067561acf6c448)] -> id: currency]
2021-06-25 21:06:676 INFO  OpenAccountPage :41 - Click on process Button  : [[ChromeDriver: chrome on WINDOWS (e716ebde5779f3304c067561acf6c448)] -> xpath: //button[contains(text(),'Process')]]
2021-06-25 21:06:419 INFO  HomePage :39 - Click on home page : [[ChromeDriver: chrome on WINDOWS (e716ebde5779f3304c067561acf6c448)] -> xpath: //button[@class='btn home']]
2021-06-25 21:06:554 INFO  HomePage :27 - Click on Customer Login Link : [[ChromeDriver: chrome on WINDOWS (e716ebde5779f3304c067561acf6c448)] -> xpath: //button[contains(text(),'Customer Login')]]
2021-06-25 21:06:108 INFO  OpenAccountPage :26 - Click on Add to Button  : [[ChromeDriver: chrome on WINDOWS (e716ebde5779f3304c067561acf6c448)] -> id: userSelect]
2021-06-25 21:06:660 INFO  CustomerLoginPage :30 - Click on login link  : [[ChromeDriver: chrome on WINDOWS (e716ebde5779f3304c067561acf6c448)] -> xpath: //button[contains(text(),'Login')]]
2021-06-25 21:06:765 INFO  CustomerLoginPage :37 - verify logout tab displayed  : [[ChromeDriver: chrome on WINDOWS (e716ebde5779f3304c067561acf6c448)] -> xpath: //button[contains(text(),'Logout')]]
2021-06-25 21:06:804 INFO  CustomerLoginPage :45 - Verify Logout Text : [[ChromeDriver: chrome on WINDOWS (e716ebde5779f3304c067561acf6c448)] -> xpath: //button[contains(text(),'Logout')]]
2021-06-25 21:06:522 INFO  CustomerLoginPage :53 - click on logout button  : [[ChromeDriver: chrome on WINDOWS (e716ebde5779f3304c067561acf6c448)] -> xpath: //button[contains(text(),'Logout')]]
2021-06-25 21:06:550 INFO  CustomerLoginPage :59 - verify your name is displayed  : [[ChromeDriver: chrome on WINDOWS (e716ebde5779f3304c067561acf6c448)] -> xpath: //label[contains(text(),'Your Name :')]]
2021-06-25 21:06:630 INFO  CustomerLoginPage :66 - verify your name text  : [[ChromeDriver: chrome on WINDOWS (e716ebde5779f3304c067561acf6c448)] -> xpath: //label[contains(text(),'Your Name :')]]
2021-06-25 21:06:794 INFO  HomePage :39 - Click on home page : [[ChromeDriver: chrome on WINDOWS (e716ebde5779f3304c067561acf6c448)] -> xpath: //button[@class='btn home']]
2021-06-25 21:06:653 INFO  BasePage :30 - Launching Chrome Browser 
2021-06-25 21:06:922 INFO  HomePage :33 - Click On Bank Manager login link : [[ChromeDriver: chrome on WINDOWS (e946ae3a99885b16575fe97062b89987)] -> xpath: //button[contains(text(),'Bank Manager Login')]]
2021-06-25 21:06:267 INFO  BankManagerLoginPage :25 - Click on Add to customer link  : [[ChromeDriver: chrome on WINDOWS (e946ae3a99885b16575fe97062b89987)] -> xpath: //button[normalize-space()='Add Customer']]
2021-06-25 21:06:458 INFO  AddCustomerPage :31 - Enter first name  : [[ChromeDriver: chrome on WINDOWS (e946ae3a99885b16575fe97062b89987)] -> xpath: //input[@placeholder='First Name']] to first name  field : [[ChromeDriver: chrome on WINDOWS (e946ae3a99885b16575fe97062b89987)] -> xpath: //input[@placeholder='First Name']]
2021-06-25 21:06:103 INFO  AddCustomerPage :38 - Enter  last name  : [[ChromeDriver: chrome on WINDOWS (e946ae3a99885b16575fe97062b89987)] -> xpath: //input[@placeholder='Last Name']] to Last Name field : [[ChromeDriver: chrome on WINDOWS (e946ae3a99885b16575fe97062b89987)] -> xpath: //input[@placeholder='Last Name']]
2021-06-25 21:06:383 INFO  AddCustomerPage :45 - Enter  postcode  : [[ChromeDriver: chrome on WINDOWS (e946ae3a99885b16575fe97062b89987)] -> xpath: //input[@placeholder='Post Code']]
2021-06-25 21:06:415 INFO  AddCustomerPage :50 - Click on Add to Button  : [[ChromeDriver: chrome on WINDOWS (e946ae3a99885b16575fe97062b89987)] -> xpath: //button[@type='submit']]
2021-06-25 21:06:236 INFO  BankManagerLoginPage :32 - Click on open account tab  : [[ChromeDriver: chrome on WINDOWS (e946ae3a99885b16575fe97062b89987)] -> xpath: //button[normalize-space()='Open Account']]
2021-06-25 21:06:777 INFO  OpenAccountPage :26 - Click on Add to Button  : [[ChromeDriver: chrome on WINDOWS (e946ae3a99885b16575fe97062b89987)] -> id: userSelect]
2021-06-25 21:06:387 INFO  OpenAccountPage :34 - select currency from drop down : [[ChromeDriver: chrome on WINDOWS (e946ae3a99885b16575fe97062b89987)] -> id: currency]
2021-06-25 21:06:676 INFO  OpenAccountPage :41 - Click on process Button  : [[ChromeDriver: chrome on WINDOWS (e946ae3a99885b16575fe97062b89987)] -> xpath: //button[contains(text(),'Process')]]
2021-06-25 21:06:486 INFO  HomePage :39 - Click on home page : [[ChromeDriver: chrome on WINDOWS (e946ae3a99885b16575fe97062b89987)] -> xpath: //button[@class='btn home']]
2021-06-25 21:06:611 INFO  HomePage :27 - Click on Customer Login Link : [[ChromeDriver: chrome on WINDOWS (e946ae3a99885b16575fe97062b89987)] -> xpath: //button[contains(text(),'Customer Login')]]
2021-06-25 21:06:148 INFO  OpenAccountPage :26 - Click on Add to Button  : [[ChromeDriver: chrome on WINDOWS (e946ae3a99885b16575fe97062b89987)] -> id: userSelect]
2021-06-25 21:06:800 INFO  CustomerLoginPage :30 - Click on login link  : [[ChromeDriver: chrome on WINDOWS (e946ae3a99885b16575fe97062b89987)] -> xpath: //button[contains(text(),'Login')]]
2021-06-25 21:06:58 INFO  AddCustomerPage :46 - Clicking On Deposit Button :[[ChromeDriver: chrome on WINDOWS (e946ae3a99885b16575fe97062b89987)] -> xpath: //button[2][contains(text(),'Deposit')]]
2021-06-25 21:06:415 INFO  AddCustomerPage :53 - Enter a Amount :[[ChromeDriver: chrome on WINDOWS (e946ae3a99885b16575fe97062b89987)] -> xpath: //div[@class='form-group']/input]
2021-06-25 21:06:528 INFO  AddCustomerPage :59 - Clicking On Deposit Tab :[[ChromeDriver: chrome on WINDOWS (e946ae3a99885b16575fe97062b89987)] -> xpath: //form[@name='myForm']/button]
2021-06-25 21:06:572 INFO  AddCustomerPage :64 - get message to verify :[[ChromeDriver: chrome on WINDOWS (e946ae3a99885b16575fe97062b89987)] -> xpath: //span[@class='error ng-binding']]
2021-06-25 21:06:707 INFO  HomePage :39 - Click on home page : [[ChromeDriver: chrome on WINDOWS (e946ae3a99885b16575fe97062b89987)] -> xpath: //button[@class='btn home']]
2021-06-25 21:06:389 INFO  BasePage :30 - Launching Chrome Browser 
2021-06-25 21:06:63 INFO  HomePage :33 - Click On Bank Manager login link : [[ChromeDriver: chrome on WINDOWS (37548f5e277e0763fc96bfe6d3335a7a)] -> xpath: //button[contains(text(),'Bank Manager Login')]]
2021-06-25 21:06:113 INFO  BankManagerLoginPage :25 - Click on Add to customer link  : [[ChromeDriver: chrome on WINDOWS (37548f5e277e0763fc96bfe6d3335a7a)] -> xpath: //button[normalize-space()='Add Customer']]
2021-06-25 21:06:662 INFO  AddCustomerPage :31 - Enter first name  : [[ChromeDriver: chrome on WINDOWS (37548f5e277e0763fc96bfe6d3335a7a)] -> xpath: //input[@placeholder='First Name']] to first name  field : [[ChromeDriver: chrome on WINDOWS (37548f5e277e0763fc96bfe6d3335a7a)] -> xpath: //input[@placeholder='First Name']]
2021-06-25 21:06:27 INFO  AddCustomerPage :38 - Enter  last name  : [[ChromeDriver: chrome on WINDOWS (37548f5e277e0763fc96bfe6d3335a7a)] -> xpath: //input[@placeholder='Last Name']] to Last Name field : [[ChromeDriver: chrome on WINDOWS (37548f5e277e0763fc96bfe6d3335a7a)] -> xpath: //input[@placeholder='Last Name']]
2021-06-25 21:06:302 INFO  AddCustomerPage :45 - Enter  postcode  : [[ChromeDriver: chrome on WINDOWS (37548f5e277e0763fc96bfe6d3335a7a)] -> xpath: //input[@placeholder='Post Code']]
2021-06-25 21:06:348 INFO  AddCustomerPage :50 - Click on Add to Button  : [[ChromeDriver: chrome on WINDOWS (37548f5e277e0763fc96bfe6d3335a7a)] -> xpath: //button[@type='submit']]
2021-06-25 21:06:220 INFO  BankManagerLoginPage :32 - Click on open account tab  : [[ChromeDriver: chrome on WINDOWS (37548f5e277e0763fc96bfe6d3335a7a)] -> xpath: //button[normalize-space()='Open Account']]
2021-06-25 21:06:774 INFO  OpenAccountPage :26 - Click on Add to Button  : [[ChromeDriver: chrome on WINDOWS (37548f5e277e0763fc96bfe6d3335a7a)] -> id: userSelect]
2021-06-25 21:06:350 INFO  OpenAccountPage :34 - select currency from drop down : [[ChromeDriver: chrome on WINDOWS (37548f5e277e0763fc96bfe6d3335a7a)] -> id: currency]
2021-06-25 21:06:614 INFO  OpenAccountPage :41 - Click on process Button  : [[ChromeDriver: chrome on WINDOWS (37548f5e277e0763fc96bfe6d3335a7a)] -> xpath: //button[contains(text(),'Process')]]
2021-06-25 21:06:379 INFO  HomePage :39 - Click on home page : [[ChromeDriver: chrome on WINDOWS (37548f5e277e0763fc96bfe6d3335a7a)] -> xpath: //button[@class='btn home']]
2021-06-25 21:06:508 INFO  HomePage :27 - Click on Customer Login Link : [[ChromeDriver: chrome on WINDOWS (37548f5e277e0763fc96bfe6d3335a7a)] -> xpath: //button[contains(text(),'Customer Login')]]
2021-06-25 21:06:43 INFO  OpenAccountPage :26 - Click on Add to Button  : [[ChromeDriver: chrome on WINDOWS (37548f5e277e0763fc96bfe6d3335a7a)] -> id: userSelect]
2021-06-25 21:06:623 INFO  CustomerLoginPage :30 - Click on login link  : [[ChromeDriver: chrome on WINDOWS (37548f5e277e0763fc96bfe6d3335a7a)] -> xpath: //button[contains(text(),'Login')]]
2021-06-25 21:06:909 INFO  AddCustomerPage :46 - Clicking On Deposit Button :[[ChromeDriver: chrome on WINDOWS (37548f5e277e0763fc96bfe6d3335a7a)] -> xpath: //button[2][contains(text(),'Deposit')]]
2021-06-25 21:06:321 INFO  AddCustomerPage :53 - Enter a Amount :[[ChromeDriver: chrome on WINDOWS (37548f5e277e0763fc96bfe6d3335a7a)] -> xpath: //div[@class='form-group']/input]
2021-06-25 21:06:443 INFO  AddCustomerPage :59 - Clicking On Deposit Tab :[[ChromeDriver: chrome on WINDOWS (37548f5e277e0763fc96bfe6d3335a7a)] -> xpath: //form[@name='myForm']/button]
2021-06-25 21:06:486 INFO  AddCustomerPage :64 - get message to verify :[[ChromeDriver: chrome on WINDOWS (37548f5e277e0763fc96bfe6d3335a7a)] -> xpath: //span[@class='error ng-binding']]
2021-06-25 21:06:64 INFO  AddCustomerPage :73 - clicking on Withdrawal button :[[ChromeDriver: chrome on WINDOWS (37548f5e277e0763fc96bfe6d3335a7a)] -> xpath: //button[contains(text(),'Withdrawl')]]
2021-06-25 21:06:897 INFO  AddCustomerPage :81 - enter Withdrawal amount :[[ChromeDriver: chrome on WINDOWS (37548f5e277e0763fc96bfe6d3335a7a)] -> xpath: //input[@placeholder='amount']]
2021-06-25 21:06:17 INFO  AddCustomerPage :87 - clicking on Withdrawal :[[ChromeDriver: chrome on WINDOWS (37548f5e277e0763fc96bfe6d3335a7a)] -> xpath: //button[@class='btn btn-default']]
2021-06-25 21:06:51 INFO  AddCustomerPage :91 - get message to verify :[[ChromeDriver: chrome on WINDOWS (37548f5e277e0763fc96bfe6d3335a7a)] -> xpath: //span[@class='error ng-binding']]
2021-06-25 21:06:589 INFO  BasePage :30 - Launching Chrome Browser 
2021-06-25 21:06:13 INFO  HomePage :33 - Click On Bank Manager login link : [[ChromeDriver: chrome on WINDOWS (707bc8964a8548c0bb46bf0c741d6c13)] -> xpath: //button[contains(text(),'Bank Manager Login')]]
2021-06-25 21:06:827 INFO  BankManagerLoginPage :25 - Click on Add to customer link  : [[ChromeDriver: chrome on WINDOWS (707bc8964a8548c0bb46bf0c741d6c13)] -> xpath: //button[normalize-space()='Add Customer']]
2021-06-25 21:06:393 INFO  AddCustomerPage :31 - Enter first name  : [[ChromeDriver: chrome on WINDOWS (707bc8964a8548c0bb46bf0c741d6c13)] -> xpath: //input[@placeholder='First Name']] to first name  field : [[ChromeDriver: chrome on WINDOWS (707bc8964a8548c0bb46bf0c741d6c13)] -> xpath: //input[@placeholder='First Name']]
2021-06-25 21:06:643 INFO  AddCustomerPage :38 - Enter  last name  : [[ChromeDriver: chrome on WINDOWS (707bc8964a8548c0bb46bf0c741d6c13)] -> xpath: //input[@placeholder='Last Name']] to Last Name field : [[ChromeDriver: chrome on WINDOWS (707bc8964a8548c0bb46bf0c741d6c13)] -> xpath: //input[@placeholder='Last Name']]
2021-06-25 21:06:872 INFO  AddCustomerPage :45 - Enter  postcode  : [[ChromeDriver: chrome on WINDOWS (707bc8964a8548c0bb46bf0c741d6c13)] -> xpath: //input[@placeholder='Post Code']]
2021-06-25 21:06:923 INFO  AddCustomerPage :50 - Click on Add to Button  : [[ChromeDriver: chrome on WINDOWS (707bc8964a8548c0bb46bf0c741d6c13)] -> xpath: //button[@type='submit']]
2021-06-25 21:06:679 INFO  HomePage :39 - Click on home page : [[ChromeDriver: chrome on WINDOWS (707bc8964a8548c0bb46bf0c741d6c13)] -> xpath: //button[@class='btn home']]
